<?xml version="1.0" encoding="UTF-8"?>
<testsuite name="com.bridgelabz.LinkedListTest" tests="1" skipped="0" failures="0" errors="0" timestamp="2021-06-08T17:16:31" hostname="LAPTOP-OKMRMTOT" time="0.004">
  <properties/>
  <testcase name="givenLastElement_WhenDeleted_ShouldPassLinkedListTest" classname="com.bridgelabz.LinkedListTest" time="0.004"/>
  <system-out><![CDATA[Print statement
My Nodes are: 56->30
]]></system-out>
  <system-err><![CDATA[]]></system-err>
</testsuite>
