<?xml version="1.0" encoding="UTF-8"?>
<testsuite name="com.bridgelabz.LinkedListTest" tests="3" skipped="0" failures="0" errors="0" timestamp="2021-06-07T19:33:50" hostname="LAPTOP-OKMRMTOT" time="0.014">
  <properties/>
  <testcase name="given3NumbersWhenAddedToLinkedListShouldBeAddedToLast" classname="com.bridgelabz.LinkedListTest" time="0.011"/>
  <testcase name="givenThreeNumber_whenAddedToLinkedListShouldNeAddedToTheTop" classname="com.bridgelabz.LinkedListTest" time="0.0"/>
  <testcase name="given3NumbersWhenInsertingSecondInBetweenShouldPassLinkedList" classname="com.bridgelabz.LinkedListTest" time="0.001"/>
  <system-out><![CDATA[Print statement
My Nodes are: 56->30->70
Print statement
My Nodes are: 70->30->56
Print statement
My Nodes are: 56->30->70
]]></system-out>
  <system-err><![CDATA[]]></system-err>
</testsuite>
